This is pdfTeX, Version 3.141592653-2.6-1.40.24 (TeX Live 2022/Debian) (preloaded format=pdflatex 2026.5.27)  28 MAY 2026 18:59
entering extended mode
 restricted \write18 enabled.
 %&-line parsing enabled.
**yp_review.tex
(./yp_review.tex
LaTeX2e <2022-11-01> patch level 1
L3 programming layer <2023-01-16>
(/usr/share/texlive/texmf-dist/tex/latex/base/article.cls
Document Class: article 2022/07/02 v1.4n Standard LaTeX document class
(/usr/share/texlive/texmf-dist/tex/latex/base/size11.clo
File: size11.clo 2022/07/02 v1.4n Standard LaTeX file (size option)
)
\c@part=\count185
\c@section=\count186
\c@subsection=\count187
\c@subsubsection=\count188
\c@paragraph=\count189
\c@subparagraph=\count190
\c@figure=\count191
\c@table=\count192
\abovecaptionskip=\skip48
\belowcaptionskip=\skip49
\bibindent=\dimen140
)
(/usr/share/texlive/texmf-dist/tex/latex/geometry/geometry.sty
Package: geometry 2020/01/02 v5.9 Page Geometry

(/usr/share/texlive/texmf-dist/tex/latex/graphics/keyval.sty
Package: keyval 2022/05/29 v1.15 key=value parser (DPC)
\KV@toks@=\toks16
)
(/usr/share/texlive/texmf-dist/tex/generic/iftex/ifvtex.sty
Package: ifvtex 2019/10/25 v1.7 ifvtex legacy package. Use iftex instead.

(/usr/share/texlive/texmf-dist/tex/generic/iftex/iftex.sty
Package: iftex 2022/02/03 v1.0f TeX engine tests
))
\Gm@cnth=\count193
\Gm@cntv=\count194
\c@Gm@tempcnt=\count195
\Gm@bindingoffset=\dimen141
\Gm@wd@mp=\dimen142
\Gm@odd@mp=\dimen143
\Gm@even@mp=\dimen144
\Gm@layoutwidth=\dimen145
\Gm@layoutheight=\dimen146
\Gm@layouthoffset=\dimen147
\Gm@layoutvoffset=\dimen148
\Gm@dimlist=\toks17
)
(/usr/share/texlive/texmf-dist/tex/latex/graphics/graphicx.sty
Package: graphicx 2021/09/16 v1.2d Enhanced LaTeX Graphics (DPC,SPQR)

(/usr/share/texlive/texmf-dist/tex/latex/graphics/graphics.sty
Package: graphics 2022/03/10 v1.4e Standard LaTeX Graphics (DPC,SPQR)

(/usr/share/texlive/texmf-dist/tex/latex/graphics/trig.sty
Package: trig 2021/08/11 v1.11 sin cos tan (DPC)
)
(/usr/share/texlive/texmf-dist/tex/latex/graphics-cfg/graphics.cfg
File: graphics.cfg 2016/06/04 v1.11 sample graphics configuration
)
Package graphics Info: Driver file: pdftex.def on input line 107.

(/usr/share/texlive/texmf-dist/tex/latex/graphics-def/pdftex.def
File: pdftex.def 2022/09/22 v1.2b Graphics/color driver for pdftex
))
\Gin@req@height=\dimen149
\Gin@req@width=\dimen150
)
(/usr/share/texlive/texmf-dist/tex/latex/booktabs/booktabs.sty
Package: booktabs 2020/01/12 v1.61803398 Publication quality tables
\heavyrulewidth=\dimen151
\lightrulewidth=\dimen152
\cmidrulewidth=\dimen153
\belowrulesep=\dimen154
\belowbottomsep=\dimen155
\aboverulesep=\dimen156
\abovetopsep=\dimen157
\cmidrulesep=\dimen158
\cmidrulekern=\dimen159
\defaultaddspace=\dimen160
\@cmidla=\count196
\@cmidlb=\count197
\@aboverulesep=\dimen161
\@belowrulesep=\dimen162
\@thisruleclass=\count198
\@lastruleclass=\count199
\@thisrulewidth=\dimen163
)
(/usr/share/texlive/texmf-dist/tex/latex/float/float.sty
Package: float 2001/11/08 v1.3d Float enhancements (AL)
\c@float@type=\count266
\float@exts=\toks18
\float@box=\box51
\@float@everytoks=\toks19
\@floatcapt=\box52
)
(/usr/share/texlive/texmf-dist/tex/latex/parskip/parskip.sty
Package: parskip 2021-03-14 v2.0h non-zero parskip adjustments

(/usr/share/texlive/texmf-dist/tex/latex/kvoptions/kvoptions.sty
Package: kvoptions 2022-06-15 v3.15 Key value format for package options (HO)

(/usr/share/texlive/texmf-dist/tex/generic/ltxcmds/ltxcmds.sty
Package: ltxcmds 2020-05-10 v1.25 LaTeX kernel commands for general use (HO)
)
(/usr/share/texlive/texmf-dist/tex/latex/kvsetkeys/kvsetkeys.sty
Package: kvsetkeys 2022-10-05 v1.19 Key value parser (HO)
))
(/usr/share/texlive/texmf-dist/tex/latex/etoolbox/etoolbox.sty
Package: etoolbox 2020/10/05 v2.5k e-TeX tools for LaTeX (JAW)
\etb@tempcnta=\count267
))
(/usr/share/texlive/texmf-dist/tex/latex/l3backend/l3backend-pdftex.def
File: l3backend-pdftex.def 2023-01-16 L3 backend support: PDF output (pdfTeX)
\l__color_backend_stack_int=\count268
\l__pdf_internal_box=\box53
)
(./yp_review.aux)
\openout1 = `yp_review.aux'.

LaTeX Font Info:    Checking defaults for OML/cmm/m/it on input line 13.
LaTeX Font Info:    ... okay on input line 13.
LaTeX Font Info:    Checking defaults for OMS/cmsy/m/n on input line 13.
LaTeX Font Info:    ... okay on input line 13.
LaTeX Font Info:    Checking defaults for OT1/cmr/m/n on input line 13.
LaTeX Font Info:    ... okay on input line 13.
LaTeX Font Info:    Checking defaults for T1/cmr/m/n on input line 13.
LaTeX Font Info:    ... okay on input line 13.
LaTeX Font Info:    Checking defaults for TS1/cmr/m/n on input line 13.
LaTeX Font Info:    ... okay on input line 13.
LaTeX Font Info:    Checking defaults for OMX/cmex/m/n on input line 13.
LaTeX Font Info:    ... okay on input line 13.
LaTeX Font Info:    Checking defaults for U/cmr/m/n on input line 13.
LaTeX Font Info:    ... okay on input line 13.

*geometry* driver: auto-detecting
*geometry* detected driver: pdftex
*geometry* verbose mode - [ preamble ] result:
* driver: pdftex
* paper: <default>
* layout: <same size as paper>
* layoutoffset:(h,v)=(0.0pt,0.0pt)
* modes: 
* h-part:(L,W,R)=(72.26999pt, 469.75502pt, 72.26999pt)
* v-part:(T,H,B)=(72.26999pt, 650.43001pt, 72.26999pt)
* \paperwidth=614.295pt
* \paperheight=794.96999pt
* \textwidth=469.75502pt
* \textheight=650.43001pt
* \oddsidemargin=0.0pt
* \evensidemargin=0.0pt
* \topmargin=-37.0pt
* \headheight=12.0pt
* \headsep=25.0pt
* \topskip=11.0pt
* \footskip=30.0pt
* \marginparwidth=59.0pt
* \marginparsep=10.0pt
* \columnsep=10.0pt
* \skip\footins=10.0pt plus 4.0pt minus 2.0pt
* \hoffset=0.0pt
* \voffset=0.0pt
* \mag=1000
* \@twocolumnfalse
* \@twosidefalse
* \@mparswitchfalse
* \@reversemarginfalse
* (1in=72.27pt=25.4mm, 1cm=28.453pt)

(/usr/share/texlive/texmf-dist/tex/context/base/mkii/supp-pdf.mkii
[Loading MPS to PDF converter (version 2006.09.02).]
\scratchcounter=\count269
\scratchdimen=\dimen164
\scratchbox=\box54
\nofMPsegments=\count270
\nofMParguments=\count271
\everyMPshowfont=\toks20
\MPscratchCnt=\count272
\MPscratchDim=\dimen165
\MPnumerator=\count273
\makeMPintoPDFobject=\count274
\everyMPtoPDFconversion=\toks21
) (/usr/share/texlive/texmf-dist/tex/latex/epstopdf-pkg/epstopdf-base.sty
Package: epstopdf-base 2020-01-24 v2.11 Base part for package epstopdf
Package epstopdf-base Info: Redefining graphics rule for `.eps' on input line 4
85.

(/usr/share/texlive/texmf-dist/tex/latex/latexconfig/epstopdf-sys.cfg
File: epstopdf-sys.cfg 2010/07/13 v1.3 Configuration of (r)epstopdf for TeX Liv
e
))
LaTeX Font Info:    External font `cmex10' loaded for size
(Font)              <12> on input line 14.
LaTeX Font Info:    External font `cmex10' loaded for size
(Font)              <8> on input line 14.
LaTeX Font Info:    External font `cmex10' loaded for size
(Font)              <6> on input line 14.
<1_plan_shares.pdf, id=1, 578.16pt x 289.08pt>
File: 1_plan_shares.pdf Graphic file (type pdf)
<use 1_plan_shares.pdf>
Package pdftex.def Info: 1_plan_shares.pdf  used on input line 22.
(pdftex.def)             Requested size: 399.29463pt x 199.64626pt.

Overfull \hbox (41.61441pt too wide) in paragraph at lines 25--26
\OT1/cmtt/m/n/10.95 offers[]credit \OT1/cmr/m/n/10.95 is non-zero, I tab-u-late
 the credit card plan af-fil-i-a-tion recorded in the \OT1/cmtt/m/n/10.95 phone
book[]credit[]plan
 []

[1

{/var/lib/texmf/fonts/map/pdftex/updmap/pdftex.map} <./1_plan_shares.pdf>]
<2_intro_map.pdf, id=18, 650.43pt x 397.485pt>
File: 2_intro_map.pdf Graphic file (type pdf)
<use 2_intro_map.pdf>
Package pdftex.def Info: 2_intro_map.pdf  used on input line 35.
(pdftex.def)             Requested size: 399.29463pt x 244.01816pt.

[2 <./2_intro_map.pdf>]
<3_coverage_by_state.pdf, id=28, 650.43pt x 361.35pt>
File: 3_coverage_by_state.pdf Graphic file (type pdf)
<use 3_coverage_by_state.pdf>
Package pdftex.def Info: 3_coverage_by_state.pdf  used on input line 48.
(pdftex.def)             Requested size: 399.29463pt x 221.8347pt.
 [3 <./3_coverage_by_state.pdf>]
<4_acceptance_heatmap.pdf, id=37, 578.16pt x 361.35pt>
File: 4_acceptance_heatmap.pdf Graphic file (type pdf)
<use 4_acceptance_heatmap.pdf>
Package pdftex.def Info: 4_acceptance_heatmap.pdf  used on input line 61.
(pdftex.def)             Requested size: 399.29463pt x 249.55783pt.
LaTeX Font Info:    External font `cmex10' loaded for size
(Font)              <10.95> on input line 64.
 [4 <./4_acceptance_heatmap.pdf>]
<5_phonebook_size.pdf, id=48, 578.16pt x 361.35pt>
File: 5_phonebook_size.pdf Graphic file (type pdf)
<use 5_phonebook_size.pdf>
Package pdftex.def Info: 5_phonebook_size.pdf  used on input line 74.
(pdftex.def)             Requested size: 399.29463pt x 249.55783pt.
 [5 <./5_phonebook_size.pdf>]
<6_geographic_concentration.pdf, id=61, 578.16pt x 361.35pt>
File: 6_geographic_concentration.pdf Graphic file (type pdf)
<use 6_geographic_concentration.pdf>
Package pdftex.def Info: 6_geographic_concentration.pdf  used on input line 87.

(pdftex.def)             Requested size: 399.29463pt x 249.55783pt.
 [6 <./6_geographic_concentration.pdf>]
(./ocr_summary.tex) [7]
<7_ocr_books_by_year.pdf, id=77, 650.43pt x 361.35pt>
File: 7_ocr_books_by_year.pdf Graphic file (type pdf)
<use 7_ocr_books_by_year.pdf>
Package pdftex.def Info: 7_ocr_books_by_year.pdf  used on input line 110.
(pdftex.def)             Requested size: 399.29463pt x 221.8347pt.
 [8 <./7_ocr_books_by_year.pdf>]
<8_listings_per_book.pdf, id=86, 578.16pt x 361.35pt>
File: 8_listings_per_book.pdf Graphic file (type pdf)
<use 8_listings_per_book.pdf>
Package pdftex.def Info: 8_listings_per_book.pdf  used on input line 122.
(pdftex.def)             Requested size: 399.29463pt x 249.55783pt.
 [9 <./8_listings_per_book.pdf>]
<9_top_categories.pdf, id=98, 578.16pt x 505.89pt>
File: 9_top_categories.pdf Graphic file (type pdf)
<use 9_top_categories.pdf>
Package pdftex.def Info: 9_top_categories.pdf  used on input line 134.
(pdftex.def)             Requested size: 399.29463pt x 349.38095pt.
 [10 <./9_top_categories.pdf>]
<10_pages_over_time.pdf, id=110, 578.16pt x 361.35pt>
File: 10_pages_over_time.pdf Graphic file (type pdf)
<use 10_pages_over_time.pdf>
Package pdftex.def Info: 10_pages_over_time.pdf  used on input line 146.
(pdftex.def)             Requested size: 399.29463pt x 249.55783pt.
 [11 <./10_pages_over_time.pdf>]
<11_credit_categories_over_time.pdf, id=124, 578.16pt x 361.35pt>
File: 11_credit_categories_over_time.pdf Graphic file (type pdf)
<use 11_credit_categories_over_time.pdf>
Package pdftex.def Info: 11_credit_categories_over_time.pdf  used on input line
 158.
(pdftex.def)             Requested size: 399.29463pt x 249.55783pt.
 [12 <./11_credit_categories_over_time.pdf>] (./ocr_full_summary.tex) [13]
<A_full_corpus_by_year.pdf, id=140, 722.7pt x 361.35pt>
File: A_full_corpus_by_year.pdf Graphic file (type pdf)
<use A_full_corpus_by_year.pdf>
Package pdftex.def Info: A_full_corpus_by_year.pdf  used on input line 182.
(pdftex.def)             Requested size: 399.29463pt x 199.64737pt.
 [14 <./A_full_corpus_by_year.pdf>]
LaTeX Font Info:    External font `cmex10' loaded for size
(Font)              <14.4> on input line 191.
LaTeX Font Info:    External font `cmex10' loaded for size
(Font)              <7> on input line 191.
<B_city_year_coverage.pdf, id=149, 722.7pt x 867.24pt>
File: B_city_year_coverage.pdf Graphic file (type pdf)
<use B_city_year_coverage.pdf>
Package pdftex.def Info: B_city_year_coverage.pdf  used on input line 194.
(pdftex.def)             Requested size: 399.29463pt x 479.1537pt.
 [15 <./B_city_year_coverage.pdf>]
<C_california_deep_dive.pdf, id=159, 722.7pt x 505.89pt>
File: C_california_deep_dive.pdf Graphic file (type pdf)
<use C_california_deep_dive.pdf>
Package pdftex.def Info: C_california_deep_dive.pdf  used on input line 206.
(pdftex.def)             Requested size: 399.29463pt x 279.5063pt.
 [16 <./C_california_deep_dive.pdf>]
<D_credit_section_intro.pdf, id=172, 578.16pt x 433.62pt>
File: D_credit_section_intro.pdf Graphic file (type pdf)
<use D_credit_section_intro.pdf>
Package pdftex.def Info: D_credit_section_intro.pdf  used on input line 218.
(pdftex.def)             Requested size: 399.29463pt x 299.46939pt.
 [17 <./D_credit_section_intro.pdf>]
<E_listings_by_city.pdf, id=181, 650.43pt x 578.16pt>
File: E_listings_by_city.pdf Graphic file (type pdf)
<use E_listings_by_city.pdf>
Package pdftex.def Info: E_listings_by_city.pdf  used on input line 230.
(pdftex.def)             Requested size: 399.29463pt x 354.93552pt.
 [18 <./E_listings_by_city.pdf>]
<F_categories_over_time.pdf, id=193, 578.16pt x 361.35pt>
File: F_categories_over_time.pdf Graphic file (type pdf)
<use F_categories_over_time.pdf>
Package pdftex.def Info: F_categories_over_time.pdf  used on input line 242.
(pdftex.def)             Requested size: 399.29463pt x 249.55783pt.
 [19 <./F_categories_over_time.pdf>] (./yp_review.aux) ) 
Here is how much of TeX's memory you used:
 2889 strings out of 477975
 48614 string characters out of 5839281
 1854330 words of memory out of 5000000
 23003 multiletter control sequences out of 15000+600000
 518540 words of font info for 53 fonts, out of 8000000 for 9000
 59 hyphenation exceptions out of 8191
 57i,6n,62p,729b,190s stack positions out of 10000i,1000n,20000p,200000b,200000s
</usr/share/texlive/tex
mf-dist/fonts/type1/public/amsfonts/cm/cmbx10.pfb></usr/share/texlive/texmf-dis
t/fonts/type1/public/amsfonts/cm/cmbx12.pfb></usr/share/texlive/texmf-dist/font
s/type1/public/amsfonts/cm/cmr10.pfb></usr/share/texlive/texmf-dist/fonts/type1
/public/amsfonts/cm/cmr12.pfb></usr/share/texlive/texmf-dist/fonts/type1/public
/amsfonts/cm/cmr17.pfb></usr/share/texlive/texmf-dist/fonts/type1/public/amsfon
ts/cm/cmsy10.pfb></usr/share/texlive/texmf-dist/fonts/type1/public/amsfonts/cm/
cmtt10.pfb>
Output written on yp_review.pdf (19 pages, 316726 bytes).
PDF statistics:
 239 PDF objects out of 1000 (max. 8388607)
 166 compressed objects within 2 object streams
 0 named destinations out of 1000 (max. 500000)
 86 words of extra memory for PDF output out of 10000 (max. 10000000)

